android/app/build/intermediates/manifest_merge_blame_file/debug/manifest-merger-blame-debug-report.txt
1<?xml version="1.0" encoding="utf-8"?>
2<manifest xmlns:android="http://schemas.android.com/apk/res/android"
3    package="com.auth"
4    android:versionCode="1"
5    android:versionName="1.0" >
6
7    <uses-sdk
8        android:minSdkVersion="16"
9        android:targetSdkVersion="29" />
10
11    <uses-permission android:name="android.permission.SYSTEM_ALERT_WINDOW" />
11-->src/debug/AndroidManifest.xml:5:5-77
11-->src/debug/AndroidManifest.xml:5:22-75
12    <uses-permission android:name="android.permission.INTERNET" />
12-->src/main/AndroidManifest.xml:4:5-67
12-->src/main/AndroidManifest.xml:4:22-64
13    <uses-permission android:name="android.permission.ACCESS_WIFI_STATE" />
13-->[com.facebook.flipper:flipper:0.54.0] AndroidManifest.xml:16:5-76
13-->[com.facebook.flipper:flipper:0.54.0] AndroidManifest.xml:16:22-73
14    <uses-permission android:name="android.permission.USE_FINGERPRINT" />
14-->[:react-native-fingerprint-scanner] AndroidManifest.xml:11:5-74
14-->[:react-native-fingerprint-scanner] AndroidManifest.xml:11:22-71
15    <uses-permission android:name="android.permission.USE_BIOMETRIC" />
15-->[:react-native-fingerprint-scanner] AndroidManifest.xml:12:5-72
15-->[:react-native-fingerprint-scanner] AndroidManifest.xml:12:22-69
16    <uses-permission android:name="com.fingerprints.service.ACCESS_FINGERPRINT_MANAGER" />
16-->[:react-native-fingerprint-scanner] AndroidManifest.xml:13:5-91
16-->[:react-native-fingerprint-scanner] AndroidManifest.xml:13:22-88
17    <uses-permission android:name="com.samsung.android.providers.context.permission.WRITE_USE_APP_FEATURE_SURVEY" />
17-->[:react-native-fingerprint-scanner] AndroidManifest.xml:14:5-117
17-->[:react-native-fingerprint-scanner] AndroidManifest.xml:14:22-114
18
19    <application
19-->src/main/AndroidManifest.xml:6:5-25:19
20        android:name="com.auth.MainApplication"
20-->src/main/AndroidManifest.xml:7:7-38
21        android:allowBackup="false"
21-->src/main/AndroidManifest.xml:11:7-34
22        android:appComponentFactory="androidx.core.app.CoreComponentFactory"
22-->[androidx.core:core:1.1.0] AndroidManifest.xml:24:18-86
23        android:debuggable="true"
24        android:icon="@mipmap/ic_launcher"
24-->src/main/AndroidManifest.xml:9:7-41
25        android:label="@string/app_name"
25-->src/main/AndroidManifest.xml:8:7-39
26        android:roundIcon="@mipmap/ic_launcher_round"
26-->src/main/AndroidManifest.xml:10:7-52
27        android:testOnly="true"
28        android:theme="@style/AppTheme"
28-->src/main/AndroidManifest.xml:12:7-38
29        android:usesCleartextTraffic="true" >
29-->src/debug/AndroidManifest.xml:7:18-53
30        <activity
30-->src/main/AndroidManifest.xml:13:7-23:18
31            android:name="com.auth.MainActivity"
31-->src/main/AndroidManifest.xml:14:9-37
32            android:configChanges="keyboard|keyboardHidden|orientation|screenSize|uiMode"
32-->src/main/AndroidManifest.xml:16:9-86
33            android:label="@string/app_name"
33-->src/main/AndroidManifest.xml:15:9-41
34            android:launchMode="singleTask"
34-->src/main/AndroidManifest.xml:17:9-40
35            android:windowSoftInputMode="adjustResize" >
35-->src/main/AndroidManifest.xml:18:9-51
36            <intent-filter>
36-->src/main/AndroidManifest.xml:19:9-22:25
37                <action android:name="android.intent.action.MAIN" />
37-->src/main/AndroidManifest.xml:20:13-65
37-->src/main/AndroidManifest.xml:20:21-62
38
39                <category android:name="android.intent.category.LAUNCHER" />
39-->src/main/AndroidManifest.xml:21:13-73
39-->src/main/AndroidManifest.xml:21:23-70
40            </intent-filter>
41        </activity>
42        <activity android:name="com.facebook.react.devsupport.DevSettingsActivity" /> <!-- suppress AndroidDomInspection -->
42-->src/main/AndroidManifest.xml:24:7-84
42-->src/main/AndroidManifest.xml:24:17-81
43        <activity
43-->[:react-native-keychain] AndroidManifest.xml:17:9-20:67
44            android:name="androidx.biometric.DeviceCredentialHandlerActivity"
44-->[:react-native-keychain] AndroidManifest.xml:18:13-78
45            android:exported="true"
45-->[:react-native-keychain] AndroidManifest.xml:19:13-36
46            android:theme="@style/DeviceCredentialHandlerTheme" />
46-->[:react-native-keychain] AndroidManifest.xml:20:13-64
47    </application>
48
49</manifest>